# JRE version: Java(TM) SE Runtime Environment (8.0_20-b26) (build 1.8.0_20-b26)
# Java VM: Java HotSpot(TM) 64-Bit Server VM (25.20-b23 mixed mode windows-amd64 compressed oops)
Heap:
 PSYoungGen      total 132096K, used 9408K [0x00000000eab00000, 0x00000000f5580000, 0x0000000100000000)
  eden space 119808K, 7% used [0x00000000eab00000,0x00000000eb430058,0x00000000f2000000)
  from space 12288K, 0% used [0x00000000f2000000,0x00000000f2000000,0x00000000f2c00000)
  to   space 14336K, 0% used [0x00000000f4780000,0x00000000f4780000,0x00000000f5580000)
 ParOldGen       total 73728K, used 30882K [0x00000000c0000000, 0x00000000c4800000, 0x00000000eab00000)
  object space 73728K, 41% used [0x00000000c0000000,0x00000000c1e28900,0x00000000c4800000)
 Metaspace       used 34031K, capacity 35296K, committed 35544K, reserved 1079296K
  class space    used 4497K, capacity 4999K, committed 5120K, reserved 1048576K
GC Heap History (10 events):
Event: 15.940 GC heap before
{Heap before GC invocations=17 (full 1):
 PSYoungGen      total 85504K, used 78560K [0x00000000eab00000, 0x00000000f2080000, 0x0000000100000000)
  eden space 78336K, 100% used [0x00000000eab00000,0x00000000ef780000,0x00000000ef780000)
  from space 7168K, 3% used [0x00000000ef780000,0x00000000ef7b8000,0x00000000efe80000)
  to   space 7168K, 0% used [0x00000000f1980000,0x00000000f1980000,0x00000000f2080000)
 ParOldGen       total 34816K, used 11452K [0x00000000c0000000, 0x00000000c2200000, 0x00000000eab00000)
  object space 34816K, 32% used [0x00000000c0000000,0x00000000c0b2f1f8,0x00000000c2200000)
 Metaspace       used 21609K, capacity 22070K, committed 22272K, reserved 1069056K
  class space    used 2874K, capacity 3025K, committed 3072K, reserved 1048576K
Event: 15.942 GC heap after
Heap after GC invocations=17 (full 1):
 PSYoungGen      total 107008K, used 384K [0x00000000eab00000, 0x00000000f1d80000, 0x0000000100000000)
  eden space 102912K, 0% used [0x00000000eab00000,0x00000000eab00000,0x00000000f0f80000)
  from space 4096K, 9% used [0x00000000f1980000,0x00000000f19e0000,0x00000000f1d80000)
  to   space 7168K, 0% used [0x00000000f0f80000,0x00000000f0f80000,0x00000000f1680000)
 ParOldGen       total 34816K, used 11648K [0x00000000c0000000, 0x00000000c2200000, 0x00000000eab00000)
  object space 34816K, 33% used [0x00000000c0000000,0x00000000c0b60208,0x00000000c2200000)
 Metaspace       used 21609K, capacity 22070K, committed 22272K, reserved 1069056K
  class space    used 2874K, capacity 3025K, committed 3072K, reserved 1048576K
}
Event: 19.635 GC heap before
{Heap before GC invocations=18 (full 1):
 PSYoungGen      total 107008K, used 103296K [0x00000000eab00000, 0x00000000f1d80000, 0x0000000100000000)
  eden space 102912K, 100% used [0x00000000eab00000,0x00000000f0f80000,0x00000000f0f80000)
  from space 4096K, 9% used [0x00000000f1980000,0x00000000f19e0000,0x00000000f1d80000)
  to   space 7168K, 0% used [0x00000000f0f80000,0x00000000f0f80000,0x00000000f1680000)
 ParOldGen       total 34816K, used 11648K [0x00000000c0000000, 0x00000000c2200000, 0x00000000eab00000)
  object space 34816K, 33% used [0x00000000c0000000,0x00000000c0b60208,0x00000000c2200000)
 Metaspace       used 24453K, capacity 25084K, committed 25216K, reserved 1071104K
  class space    used 3157K, capacity 3371K, committed 3456K, reserved 1048576K
Event: 19.660 GC heap after
Heap after GC invocations=18 (full 1):
 PSYoungGen      total 110080K, used 6178K [0x00000000eab00000, 0x00000000f3400000, 0x0000000100000000)
  eden space 102912K, 0% used [0x00000000eab00000,0x00000000eab00000,0x00000000f0f80000)
  from space 7168K, 86% used [0x00000000f0f80000,0x00000000f1588980,0x00000000f1680000)
  to   space 8192K, 0% used [0x00000000f2c00000,0x00000000f2c00000,0x00000000f3400000)
 ParOldGen       total 34816K, used 11968K [0x00000000c0000000, 0x00000000c2200000, 0x00000000eab00000)
  object space 34816K, 34% used [0x00000000c0000000,0x00000000c0bb0228,0x00000000c2200000)
 Metaspace       used 24453K, capacity 25084K, committed 25216K, reserved 1071104K
  class space    used 3157K, capacity 3371K, committed 3456K, reserved 1048576K
}
Event: 24.234 GC heap before
{Heap before GC invocations=19 (full 1):
 PSYoungGen      total 110080K, used 109090K [0x00000000eab00000, 0x00000000f3400000, 0x0000000100000000)
  eden space 102912K, 100% used [0x00000000eab00000,0x00000000f0f80000,0x00000000f0f80000)
  from space 7168K, 86% used [0x00000000f0f80000,0x00000000f1588980,0x00000000f1680000)
  to   space 8192K, 0% used [0x00000000f2c00000,0x00000000f2c00000,0x00000000f3400000)
 ParOldGen       total 34816K, used 11968K [0x00000000c0000000, 0x00000000c2200000, 0x00000000eab00000)
  object space 34816K, 34% used [0x00000000c0000000,0x00000000c0bb0228,0x00000000c2200000)
 Metaspace       used 30294K, capacity 31382K, committed 31616K, reserved 1077248K
  class space    used 3937K, capacity 4368K, committed 4480K, reserved 1048576K
Event: 24.274 GC heap after
Heap after GC invocations=19 (full 1):
 PSYoungGen      total 128000K, used 8166K [0x00000000eab00000, 0x00000000f3c00000, 0x0000000100000000)
  eden space 119808K, 0% used [0x00000000eab00000,0x00000000eab00000,0x00000000f2000000)
  from space 8192K, 99% used [0x00000000f2c00000,0x00000000f33f98f8,0x00000000f3400000)
  to   space 12288K, 0% used [0x00000000f2000000,0x00000000f2000000,0x00000000f2c00000)
 ParOldGen       total 34816K, used 18848K [0x00000000c0000000, 0x00000000c2200000, 0x00000000eab00000)
  object space 34816K, 54% used [0x00000000c0000000,0x00000000c1268238,0x00000000c2200000)
 Metaspace       used 30294K, capacity 31382K, committed 31616K, reserved 1077248K
  class space    used 3937K, capacity 4368K, committed 4480K, reserved 1048576K
}
Event: 26.488 GC heap before
{Heap before GC invocations=20 (full 1):
 PSYoungGen      total 128000K, used 109075K [0x00000000eab00000, 0x00000000f3c00000, 0x0000000100000000)
  eden space 119808K, 84% used [0x00000000eab00000,0x00000000f0d8b5f0,0x00000000f2000000)
  from space 8192K, 99% used [0x00000000f2c00000,0x00000000f33f98f8,0x00000000f3400000)
  to   space 12288K, 0% used [0x00000000f2000000,0x00000000f2000000,0x00000000f2c00000)
 ParOldGen       total 34816K, used 18848K [0x00000000c0000000, 0x00000000c2200000, 0x00000000eab00000)
  object space 34816K, 54% used [0x00000000c0000000,0x00000000c1268238,0x00000000c2200000)
 Metaspace       used 33974K, capacity 35346K, committed 35416K, reserved 1079296K
  class space    used 4480K, capacity 4990K, committed 4992K, reserved 1048576K
Event: 26.518 GC heap after
Heap after GC invocations=20 (full 1):
 PSYoungGen      total 132096K, used 11573K [0x00000000eab00000, 0x00000000f5580000, 0x0000000100000000)
  eden space 119808K, 0% used [0x00000000eab00000,0x00000000eab00000,0x00000000f2000000)
  from space 12288K, 94% used [0x00000000f2000000,0x00000000f2b4d700,0x00000000f2c00000)
  to   space 14336K, 0% used [0x00000000f4780000,0x00000000f4780000,0x00000000f5580000)
 ParOldGen       total 34816K, used 25730K [0x00000000c0000000, 0x00000000c2200000, 0x00000000eab00000)
  object space 34816K, 73% used [0x00000000c0000000,0x00000000c1920998,0x00000000c2200000)
 Metaspace       used 33974K, capacity 35346K, committed 35416K, reserved 1079296K
  class space    used 4480K, capacity 4990K, committed 4992K, reserved 1048576K
}
Event: 26.518 GC heap before
{Heap before GC invocations=21 (full 2):
 PSYoungGen      total 132096K, used 11573K [0x00000000eab00000, 0x00000000f5580000, 0x0000000100000000)
  eden space 119808K, 0% used [0x00000000eab00000,0x00000000eab00000,0x00000000f2000000)
  from space 12288K, 94% used [0x00000000f2000000,0x00000000f2b4d700,0x00000000f2c00000)
  to   space 14336K, 0% used [0x00000000f4780000,0x00000000f4780000,0x00000000f5580000)
 ParOldGen       total 34816K, used 25730K [0x00000000c0000000, 0x00000000c2200000, 0x00000000eab00000)
  object space 34816K, 73% used [0x00000000c0000000,0x00000000c1920998,0x00000000c2200000)
 Metaspace       used 33974K, capacity 35346K, committed 35416K, reserved 1079296K
  class space    used 4480K, capacity 4990K, committed 4992K, reserved 1048576K
Event: 27.003 GC heap after
Heap after GC invocations=21 (full 2):
 PSYoungGen      total 132096K, used 0K [0x00000000eab00000, 0x00000000f5580000, 0x0000000100000000)
  eden space 119808K, 0% used [0x00000000eab00000,0x00000000eab00000,0x00000000f2000000)
  from space 12288K, 0% used [0x00000000f2000000,0x00000000f2000000,0x00000000f2c00000)
  to   space 14336K, 0% used [0x00000000f4780000,0x00000000f4780000,0x00000000f5580000)
 ParOldGen       total 73728K, used 30882K [0x00000000c0000000, 0x00000000c4800000, 0x00000000eab00000)
  object space 73728K, 41% used [0x00000000c0000000,0x00000000c1e28900,0x00000000c4800000)
 Metaspace       used 33940K, capacity 35232K, committed 35416K, reserved 1079296K
  class space    used 4474K, capacity 4956K, committed 4992K, reserved 1048576K
}

